<?xml version="1.0" encoding="UTF-8"?>
<!-- Generated by org.testng.reporters.JUnitXMLReporter -->
<testsuite ignored="0" hostname="Mohammeds-Air.home" failures="0" tests="3" name="Default test" time="4.053" errors="0" timestamp="2022-02-20T21:11:37 EST">
  <testcase classname="apiTests.PetStoreAPI_Tests" name="createAPet" time="3.509"/>
  <testcase classname="apiTests.PetStoreAPI_Tests" name="getPetByID" time="0.26"/>
  <testcase classname="apiTests.PetStoreAPI_Tests" name="justPrintingSomehing" time="0.201"/>
</testsuite> <!-- Default test -->
