<?xml version="1.0" encoding="UTF-8"?>
<testng-results ignored="0" total="1" passed="1" failed="0" skipped="0">
  <reporter-output>
  </reporter-output>
  <suite started-at="2022-02-19T22:00:36 EST" name="Default suite" finished-at="2022-02-19T22:00:37 EST" duration-ms="1829">
    <groups>
    </groups>
    <test started-at="2022-02-19T22:00:36 EST" name="Default test" finished-at="2022-02-19T22:00:37 EST" duration-ms="1829">
      <class name="apiTests.PetStoreAPI_Tests">
        <test-method signature="createAPet()[pri:0, instance:apiTests.PetStoreAPI_Tests@70be0a2b]" started-at="2022-02-19T22:00:36 EST" name="createAPet" finished-at="2022-02-19T22:00:37 EST" duration-ms="1791" status="PASS">
          <reporter-output>
          </reporter-output>
        </test-method> <!-- createAPet -->
      </class> <!-- apiTests.PetStoreAPI_Tests -->
    </test> <!-- Default test -->
  </suite> <!-- Default suite -->
</testng-results>
