<?xml version="1.0" encoding="UTF-8"?>
<testng-results ignored="0" total="3" passed="3" failed="0" skipped="0">
  <reporter-output>
  </reporter-output>
  <suite started-at="2022-02-20T21:11:33 EST" name="Default suite" finished-at="2022-02-20T21:11:37 EST" duration-ms="4053">
    <groups>
    </groups>
    <test started-at="2022-02-20T21:11:33 EST" name="Default test" finished-at="2022-02-20T21:11:37 EST" duration-ms="4053">
      <class name="apiTests.PetStoreAPI_Tests">
        <test-method is-config="true" signature="beforeMethod()[pri:0, instance:apiTests.PetStoreAPI_Tests@38c5cc4c]" started-at="2022-02-20T21:11:33 EST" name="beforeMethod" finished-at="2022-02-20T21:11:33 EST" duration-ms="20" status="PASS">
          <reporter-output>
          </reporter-output>
        </test-method> <!-- beforeMethod -->
        <test-method signature="createAPet()[pri:0, instance:apiTests.PetStoreAPI_Tests@38c5cc4c]" started-at="2022-02-20T21:11:33 EST" name="createAPet" finished-at="2022-02-20T21:11:37 EST" duration-ms="3509" status="PASS">
          <reporter-output>
          </reporter-output>
        </test-method> <!-- createAPet -->
        <test-method is-config="true" signature="beforeMethod()[pri:0, instance:apiTests.PetStoreAPI_Tests@38c5cc4c]" started-at="2022-02-20T21:11:37 EST" name="beforeMethod" finished-at="2022-02-20T21:11:37 EST" duration-ms="1" status="PASS">
          <reporter-output>
          </reporter-output>
        </test-method> <!-- beforeMethod -->
        <test-method signature="getPetByID()[pri:0, instance:apiTests.PetStoreAPI_Tests@38c5cc4c]" started-at="2022-02-20T21:11:37 EST" name="getPetByID" finished-at="2022-02-20T21:11:37 EST" duration-ms="260" status="PASS">
          <reporter-output>
          </reporter-output>
        </test-method> <!-- getPetByID -->
        <test-method is-config="true" signature="beforeMethod()[pri:0, instance:apiTests.PetStoreAPI_Tests@38c5cc4c]" started-at="2022-02-20T21:11:37 EST" name="beforeMethod" finished-at="2022-02-20T21:11:37 EST" duration-ms="1" status="PASS">
          <reporter-output>
          </reporter-output>
        </test-method> <!-- beforeMethod -->
        <test-method signature="justPrintingSomehing()[pri:0, instance:apiTests.PetStoreAPI_Tests@38c5cc4c]" started-at="2022-02-20T21:11:37 EST" name="justPrintingSomehing" finished-at="2022-02-20T21:11:37 EST" duration-ms="201" status="PASS">
          <reporter-output>
          </reporter-output>
        </test-method> <!-- justPrintingSomehing -->
      </class> <!-- apiTests.PetStoreAPI_Tests -->
    </test> <!-- Default test -->
  </suite> <!-- Default suite -->
</testng-results>
