<?xml version="1.0" encoding="UTF-8"?>
<!-- Generated by org.testng.reporters.JUnitXMLReporter -->
<testsuite ignored="0" hostname="Mohammeds-Air.home" failures="0" tests="3" name="API_SmokeTests" time="3.642" errors="0" timestamp="2022-02-20T21:55:21 EST">
  <testcase classname="apiTests.PetStoreAPI_Tests" name="createAPet" time="3.1"/>
  <testcase classname="apiTests.PetStoreAPI_Tests" name="getPetByID" time="0.275"/>
  <testcase classname="apiTests.PetStoreAPI_Tests" name="justPrintingSomehing" time="0.191"/>
</testsuite> <!-- API_SmokeTests -->
